Release 14.5 - xst P.58f (nt64)
Copyright (c) 1995-2012 Xilinx, Inc.  All rights reserved.
--> Parameter TMPDIR set to xst/projnav.tmp


Total REAL time to Xst completion: 0.00 secs
Total CPU time to Xst completion: 0.08 secs
 
--> Parameter xsthdpdir set to xst


Total REAL time to Xst completion: 0.00 secs
Total CPU time to Xst completion: 0.08 secs
 
--> Reading design: alu.prj

TABLE OF CONTENTS
  1) Synthesis Options Summary
  2) HDL Parsing
  3) HDL Elaboration
  4) HDL Synthesis
       4.1) HDL Synthesis Report
  5) Advanced HDL Synthesis
       5.1) Advanced HDL Synthesis Report
  6) Low Level Synthesis
  7) Partition Report
  8) Design Summary
       8.1) Primitive and Black Box Usage
       8.2) Device utilization summary
       8.3) Partition Resource Summary
       8.4) Timing Report
            8.4.1) Clock Information
            8.4.2) Asynchronous Control Signals Information
            8.4.3) Timing Summary
            8.4.4) Timing Details
            8.4.5) Cross Clock Domains Report


=========================================================================
*                      Synthesis Options Summary                        *
=========================================================================
---- Source Parameters
Input File Name                    : "alu.prj"
Ignore Synthesis Constraint File   : NO

---- Target Parameters
Output File Name                   : "alu"
Output Format                      : NGC
Target Device                      : xc7a100t-3-csg324

---- Source Options
Top Module Name                    : alu
Automatic FSM Extraction           : YES
FSM Encoding Algorithm             : Auto
Safe Implementation                : No
FSM Style                          : LUT
RAM Extraction                     : Yes
RAM Style                          : Auto
ROM Extraction                     : Yes
Shift Register Extraction          : YES
ROM Style                          : Auto
Resource Sharing                   : YES
Asynchronous To Synchronous        : NO
Shift Register Minimum Size        : 2
Use DSP Block                      : Auto
Automatic Register Balancing       : No

---- Target Options
LUT Combining                      : Auto
Reduce Control Sets                : Auto
Add IO Buffers                     : YES
Global Maximum Fanout              : 100000
Add Generic Clock Buffer(BUFG)     : 32
Register Duplication               : YES
Optimize Instantiated Primitives   : NO
Use Clock Enable                   : Auto
Use Synchronous Set                : Auto
Use Synchronous Reset              : Auto
Pack IO Registers into IOBs        : Auto
Equivalent register Removal        : YES

---- General Options
Optimization Goal                  : Speed
Optimization Effort                : 1
Power Reduction                    : NO
Keep Hierarchy                     : No
Netlist Hierarchy                  : As_Optimized
RTL Output                         : Yes
Global Optimization                : AllClockNets
Read Cores                         : YES
Write Timing Constraints           : NO
Cross Clock Analysis               : NO
Hierarchy Separator                : /
Bus Delimiter                      : <>
Case Specifier                     : Maintain
Slice Utilization Ratio            : 100
BRAM Utilization Ratio             : 100
DSP48 Utilization Ratio            : 100
Auto BRAM Packing                  : NO
Slice Utilization Ratio Delta      : 5

=========================================================================


=========================================================================
*                          HDL Parsing                                  *
=========================================================================
Parsing VHDL file "C:\Users\20093460\Downloads\Embedded-Systems-ALU-main\Embedded-Systems-ALU-main\CPU_PROJ\alu.vhd" into library work
Parsing entity <alu>.
Parsing architecture <Behavioral> of entity <alu>.

=========================================================================
*                            HDL Elaboration                            *
=========================================================================

Elaborating entity <alu> (architecture <Behavioral>) from library <work>.

=========================================================================
*                           HDL Synthesis                               *
=========================================================================

Synthesizing Unit <alu>.
    Related source file is "C:\Users\20093460\Downloads\Embedded-Systems-ALU-main\Embedded-Systems-ALU-main\CPU_PROJ\alu.vhd".
    Found 16-bit register for signal <out_alu>.
    Found 16-bit adder for signal <inp_a[15]_inp_b[15]_add_4_OUT> created at line 58.
    Found 16-bit adder for signal <inp_a[15]_GND_4_o_add_6_OUT> created at line 1253.
    Found 16-bit subtractor for signal <inp_a[15]_inp_b[15]_sub_6_OUT<15:0>> created at line 60.
    Found 16-bit subtractor for signal <inp_a[15]_GND_4_o_sub_8_OUT<15:0>> created at line 1320.
    Summary:
	inferred   1 Adder/Subtractor(s).
	inferred  16 D-type flip-flop(s).
	inferred  17 Multiplexer(s).
Unit <alu> synthesized.

=========================================================================
HDL Synthesis Report

Macro Statistics
# Adders/Subtractors                                   : 1
 16-bit addsub                                         : 1
# Registers                                            : 1
 16-bit register                                       : 1
# Multiplexers                                         : 17
 1-bit 2-to-1 multiplexer                              : 3
 16-bit 2-to-1 multiplexer                             : 14
# Xors                                                 : 1
 16-bit xor2                                           : 1

=========================================================================
INFO:Xst:1767 - HDL ADVISOR - Resource sharing has identified that some arithmetic operations in this design can share the same physical resources for reduced device utilization. For improved clock frequency you may try to disable resource sharing.

=========================================================================
*                       Advanced HDL Synthesis                          *
=========================================================================


=========================================================================
Advanced HDL Synthesis Report

Macro Statistics
# Adders/Subtractors                                   : 1
 16-bit addsub                                         : 1
# Registers                                            : 16
 Flip-Flops                                            : 16
# Multiplexers                                         : 17
 1-bit 2-to-1 multiplexer                              : 3
 16-bit 2-to-1 multiplexer                             : 14
# Xors                                                 : 1
 16-bit xor2                                           : 1

=========================================================================

=========================================================================
*                         Low Level Synthesis                           *
=========================================================================

Optimizing unit <alu> ...

Mapping all equations...
Building and optimizing final netlist ...
Found area constraint ratio of 100 (+ 5) on block alu, actual ratio is 0.

Final Macro Processing ...

=========================================================================
Final Register Report

Macro Statistics
# Registers                                            : 16
 Flip-Flops                                            : 16

=========================================================================

=========================================================================
*                           Partition Report                            *
=========================================================================

Partition Implementation Status
-------------------------------

  No Partitions were found in this design.

-------------------------------

=========================================================================
*                            Design Summary                             *
=========================================================================

Top Level Output File Name         : alu.ngc

Primitive and Black Box Usage:
------------------------------
# BELS                             : 64
#      LUT3                        : 2
#      LUT6                        : 31
#      MUXCY                       : 15
#      XORCY                       : 16
# FlipFlops/Latches                : 16
#      FDE_1                       : 16
# Clock Buffers                    : 1
#      BUFGP                       : 1
# IO Buffers                       : 52
#      IBUF                        : 36
#      OBUF                        : 16

Device utilization summary:
---------------------------

Selected Device : 7a100tcsg324-3 


Slice Logic Utilization: 
 Number of Slice LUTs:                   33  out of  63400     0%  
    Number used as Logic:                33  out of  63400     0%  

Slice Logic Distribution: 
 Number of LUT Flip Flop pairs used:     33
   Number with an unused Flip Flop:      33  out of     33   100%  
   Number with an unused LUT:             0  out of     33     0%  
   Number of fully used LUT-FF pairs:     0  out of     33     0%  
   Number of unique control sets:         1

IO Utilization: 
 Number of IOs:                          53
 Number of bonded IOBs:                  53  out of    210    25%  
    IOB Flip Flops/Latches:              16

Specific Feature Utilization:
 Number of BUFG/BUFGCTRL/BUFHCEs:         1  out of    128     0%  

---------------------------
Partition Resource Summary:
---------------------------

  No Partitions were found in this design.

---------------------------


=========================================================================
Timing Report

NOTE: THESE TIMING NUMBERS ARE ONLY A SYNTHESIS ESTIMATE.
      FOR ACCURATE TIMING INFORMATION PLEASE REFER TO THE TRACE REPORT
      GENERATED AFTER PLACE-and-ROUTE.

Clock Information:
------------------
-----------------------------------+------------------------+-------+
Clock Signal                       | Clock buffer(FF name)  | Load  |
-----------------------------------+------------------------+-------+
clk                                | BUFGP                  | 16    |
-----------------------------------+------------------------+-------+

Asynchronous Control Signals Information:
----------------------------------------
No asynchronous control signals found in this design

Timing Summary:
---------------
Speed Grade: -3

   Minimum period: No path found
   Minimum input arrival time before clock: 1.941ns
   Maximum output required time after clock: 0.643ns
   Maximum combinational path delay: No path found

Timing Details:
---------------
All values displayed in nanoseconds (ns)

=========================================================================
Timing constraint: Default OFFSET IN BEFORE for Clock 'clk'
  Total number of paths / destination ports: 1632 / 32
-------------------------------------------------------------------------
Offset:              1.941ns (Levels of Logic = 18)
  Source:            sel<1> (PAD)
  Destination:       out_alu_15 (FF)
  Destination Clock: clk falling

  Data Path: sel<1> to out_alu_15
                                Gate     Net
    Cell:in->out      fanout   Delay   Delay  Logical Name (Net Name)
    ----------------------------------------  ------------
     IBUF:I->O            33   0.001   0.790  sel_1_IBUF (sel_1_IBUF)
     LUT6:I1->O            1   0.097   0.000  Mmux_sel[3]_out_alu[15]_wide_mux_8_OUT_rs_lut<0> (Mmux_sel[3]_out_alu[15]_wide_mux_8_OUT_rs_lut<0>)
     MUXCY:S->O            1   0.353   0.000  Mmux_sel[3]_out_alu[15]_wide_mux_8_OUT_rs_cy<0> (Mmux_sel[3]_out_alu[15]_wide_mux_8_OUT_rs_cy<0>)
     MUXCY:CI->O           1   0.023   0.000  Mmux_sel[3]_out_alu[15]_wide_mux_8_OUT_rs_cy<1> (Mmux_sel[3]_out_alu[15]_wide_mux_8_OUT_rs_cy<1>)
     MUXCY:CI->O           1   0.023   0.000  Mmux_sel[3]_out_alu[15]_wide_mux_8_OUT_rs_cy<2> (Mmux_sel[3]_out_alu[15]_wide_mux_8_OUT_rs_cy<2>)
     MUXCY:CI->O           1   0.023   0.000  Mmux_sel[3]_out_alu[15]_wide_mux_8_OUT_rs_cy<3> (Mmux_sel[3]_out_alu[15]_wide_mux_8_OUT_rs_cy<3>)
     MUXCY:CI->O           1   0.023   0.000  Mmux_sel[3]_out_alu[15]_wide_mux_8_OUT_rs_cy<4> (Mmux_sel[3]_out_alu[15]_wide_mux_8_OUT_rs_cy<4>)
     MUXCY:CI->O           1   0.023   0.000  Mmux_sel[3]_out_alu[15]_wide_mux_8_OUT_rs_cy<5> (Mmux_sel[3]_out_alu[15]_wide_mux_8_OUT_rs_cy<5>)
     MUXCY:CI->O           1   0.023   0.000  Mmux_sel[3]_out_alu[15]_wide_mux_8_OUT_rs_cy<6> (Mmux_sel[3]_out_alu[15]_wide_mux_8_OUT_rs_cy<6>)
     MUXCY:CI->O           1   0.023   0.000  Mmux_sel[3]_out_alu[15]_wide_mux_8_OUT_rs_cy<7> (Mmux_sel[3]_out_alu[15]_wide_mux_8_OUT_rs_cy<7>)
     MUXCY:CI->O           1   0.023   0.000  Mmux_sel[3]_out_alu[15]_wide_mux_8_OUT_rs_cy<8> (Mmux_sel[3]_out_alu[15]_wide_mux_8_OUT_rs_cy<8>)
     MUXCY:CI->O           1   0.023   0.000  Mmux_sel[3]_out_alu[15]_wide_mux_8_OUT_rs_cy<9> (Mmux_sel[3]_out_alu[15]_wide_mux_8_OUT_rs_cy<9>)
     MUXCY:CI->O           1   0.023   0.000  Mmux_sel[3]_out_alu[15]_wide_mux_8_OUT_rs_cy<10> (Mmux_sel[3]_out_alu[15]_wide_mux_8_OUT_rs_cy<10>)
     MUXCY:CI->O           1   0.023   0.000  Mmux_sel[3]_out_alu[15]_wide_mux_8_OUT_rs_cy<11> (Mmux_sel[3]_out_alu[15]_wide_mux_8_OUT_rs_cy<11>)
     MUXCY:CI->O           1   0.023   0.000  Mmux_sel[3]_out_alu[15]_wide_mux_8_OUT_rs_cy<12> (Mmux_sel[3]_out_alu[15]_wide_mux_8_OUT_rs_cy<12>)
     MUXCY:CI->O           1   0.023   0.000  Mmux_sel[3]_out_alu[15]_wide_mux_8_OUT_rs_cy<13> (Mmux_sel[3]_out_alu[15]_wide_mux_8_OUT_rs_cy<13>)
     MUXCY:CI->O           0   0.023   0.000  Mmux_sel[3]_out_alu[15]_wide_mux_8_OUT_rs_cy<14> (Mmux_sel[3]_out_alu[15]_wide_mux_8_OUT_rs_cy<14>)
     XORCY:CI->O           1   0.370   0.000  Mmux_sel[3]_out_alu[15]_wide_mux_8_OUT_rs_xor<15> (sel[3]_out_alu[15]_wide_mux_8_OUT<15>)
     FDE_1:D                   0.008          out_alu_15
    ----------------------------------------
    Total                      1.941ns (1.151ns logic, 0.790ns route)
                                       (59.3% logic, 40.7% route)

=========================================================================
Timing constraint: Default OFFSET OUT AFTER for Clock 'clk'
  Total number of paths / destination ports: 16 / 16
-------------------------------------------------------------------------
Offset:              0.643ns (Levels of Logic = 1)
  Source:            out_alu_15 (FF)
  Destination:       out_alu<15> (PAD)
  Source Clock:      clk falling

  Data Path: out_alu_15 to out_alu<15>
                                Gate     Net
    Cell:in->out      fanout   Delay   Delay  Logical Name (Net Name)
    ----------------------------------------  ------------
     FDE_1:C->Q            1   0.364   0.279  out_alu_15 (out_alu_15)
     OBUF:I->O                 0.000          out_alu_15_OBUF (out_alu<15>)
    ----------------------------------------
    Total                      0.643ns (0.364ns logic, 0.279ns route)
                                       (56.6% logic, 43.4% route)

=========================================================================

Cross Clock Domains Report:
--------------------------

=========================================================================


Total REAL time to Xst completion: 8.00 secs
Total CPU time to Xst completion: 8.54 secs
 
--> 

Total memory usage is 4614492 kilobytes

Number of errors   :    0 (   0 filtered)
Number of warnings :    0 (   0 filtered)
Number of infos    :    1 (   0 filtered)

