--------------------------------------------------------------------------------
Release 14.5 Trace  (nt64)
Copyright (c) 1995-2012 Xilinx, Inc.  All rights reserved.

C:\Xilinx\14.5\ISE_DS\ISE\bin\nt64\unwrapped\trce.exe -intstyle ise -v 3 -s 3
-n 3 -fastpaths -xml alu.twx alu.ncd -o alu.twr alu.pcf

Design file:              alu.ncd
Physical constraint file: alu.pcf
Device,package,speed:     xc7a100t,csg324,C,-3 (PRODUCTION 1.08 2013-03-26)
Report level:             verbose report

Environment Variable      Effect 
--------------------      ------ 
NONE                      No environment variables were set
--------------------------------------------------------------------------------

INFO:Timing:2698 - No timing constraints found, doing default enumeration.
INFO:Timing:3412 - To improve timing, see the Timing Closure User Guide (UG612).
INFO:Timing:2752 - To get complete path coverage, use the unconstrained paths 
   option. All paths that are not constrained will be reported in the 
   unconstrained paths section(s) of the report.
INFO:Timing:3339 - The clock-to-out numbers in this timing report are based on 
   a 50 Ohm transmission line loading model.  For the details of this model, 
   and for more information on accounting for different loading conditions, 
   please see the device datasheet.



Data Sheet report:
-----------------
All values displayed in nanoseconds (ns)

Setup/Hold to clock sel<1>
------------+------------+------------+------------+------------+-----------------------+--------+
            |Max Setup to|  Process   |Max Hold to |  Process   |                       | Clock  |
Source      | clk (edge) |   Corner   | clk (edge) |   Corner   |Internal Clock(s)      | Phase  |
------------+------------+------------+------------+------------+-----------------------+--------+
inp_a<0>    |    1.803(F)|      SLOW  |    2.464(F)|      SLOW  |sel[3]_GND_5_o_Mux_10_o|   0.000|
inp_a<1>    |    2.470(F)|      SLOW  |    2.290(F)|      SLOW  |sel[3]_GND_5_o_Mux_10_o|   0.000|
inp_a<2>    |    2.212(F)|      SLOW  |    1.602(F)|      SLOW  |sel[3]_GND_5_o_Mux_10_o|   0.000|
inp_a<3>    |    1.721(F)|      SLOW  |    1.722(F)|      SLOW  |sel[3]_GND_5_o_Mux_10_o|   0.000|
inp_a<4>    |    1.829(F)|      SLOW  |    1.981(F)|      SLOW  |sel[3]_GND_5_o_Mux_10_o|   0.000|
inp_a<5>    |    1.885(F)|      SLOW  |    1.781(F)|      SLOW  |sel[3]_GND_5_o_Mux_10_o|   0.000|
inp_a<6>    |    1.737(F)|      SLOW  |    1.750(F)|      SLOW  |sel[3]_GND_5_o_Mux_10_o|   0.000|
inp_a<7>    |    1.682(F)|      SLOW  |    2.028(F)|      SLOW  |sel[3]_GND_5_o_Mux_10_o|   0.000|
inp_a<8>    |    1.766(F)|      SLOW  |    1.433(F)|      SLOW  |sel[3]_GND_5_o_Mux_10_o|   0.000|
inp_a<9>    |    1.398(F)|      SLOW  |    1.589(F)|      SLOW  |sel[3]_GND_5_o_Mux_10_o|   0.000|
inp_a<10>   |    1.326(F)|      SLOW  |    1.761(F)|      SLOW  |sel[3]_GND_5_o_Mux_10_o|   0.000|
inp_a<11>   |    1.223(F)|      SLOW  |    1.812(F)|      SLOW  |sel[3]_GND_5_o_Mux_10_o|   0.000|
inp_a<12>   |    0.901(F)|      SLOW  |    2.009(F)|      SLOW  |sel[3]_GND_5_o_Mux_10_o|   0.000|
inp_a<13>   |    1.389(F)|      SLOW  |    1.521(F)|      SLOW  |sel[3]_GND_5_o_Mux_10_o|   0.000|
inp_a<14>   |    0.747(F)|      SLOW  |    2.122(F)|      SLOW  |sel[3]_GND_5_o_Mux_10_o|   0.000|
inp_a<15>   |    0.314(F)|      SLOW  |    1.813(F)|      SLOW  |sel[3]_GND_5_o_Mux_10_o|   0.000|
inp_b<0>    |    1.096(F)|      SLOW  |    2.179(F)|      SLOW  |sel[3]_GND_5_o_Mux_10_o|   0.000|
inp_b<1>    |    1.399(F)|      SLOW  |    1.577(F)|      SLOW  |sel[3]_GND_5_o_Mux_10_o|   0.000|
inp_b<2>    |    1.207(F)|      SLOW  |    1.933(F)|      SLOW  |sel[3]_GND_5_o_Mux_10_o|   0.000|
inp_b<3>    |    1.195(F)|      SLOW  |    1.342(F)|      SLOW  |sel[3]_GND_5_o_Mux_10_o|   0.000|
inp_b<4>    |    1.434(F)|      SLOW  |    1.647(F)|      SLOW  |sel[3]_GND_5_o_Mux_10_o|   0.000|
inp_b<5>    |    1.374(F)|      SLOW  |    1.631(F)|      SLOW  |sel[3]_GND_5_o_Mux_10_o|   0.000|
inp_b<6>    |    1.186(F)|      SLOW  |    2.230(F)|      SLOW  |sel[3]_GND_5_o_Mux_10_o|   0.000|
inp_b<7>    |    1.536(F)|      SLOW  |    1.819(F)|      SLOW  |sel[3]_GND_5_o_Mux_10_o|   0.000|
inp_b<8>    |    1.577(F)|      SLOW  |    1.199(F)|      SLOW  |sel[3]_GND_5_o_Mux_10_o|   0.000|
inp_b<9>    |    1.346(F)|      SLOW  |    1.458(F)|      SLOW  |sel[3]_GND_5_o_Mux_10_o|   0.000|
inp_b<10>   |    0.925(F)|      SLOW  |    1.435(F)|      SLOW  |sel[3]_GND_5_o_Mux_10_o|   0.000|
inp_b<11>   |    1.228(F)|      SLOW  |    1.761(F)|      SLOW  |sel[3]_GND_5_o_Mux_10_o|   0.000|
inp_b<12>   |    1.053(F)|      SLOW  |    1.873(F)|      SLOW  |sel[3]_GND_5_o_Mux_10_o|   0.000|
inp_b<13>   |    1.063(F)|      SLOW  |    1.463(F)|      SLOW  |sel[3]_GND_5_o_Mux_10_o|   0.000|
inp_b<14>   |    0.699(F)|      SLOW  |    2.009(F)|      SLOW  |sel[3]_GND_5_o_Mux_10_o|   0.000|
inp_b<15>   |    0.155(F)|      SLOW  |    1.689(F)|      SLOW  |sel[3]_GND_5_o_Mux_10_o|   0.000|
sel<0>      |    1.464(F)|      SLOW  |    2.355(F)|      SLOW  |sel[3]_GND_5_o_Mux_10_o|   0.000|
------------+------------+------------+------------+------------+-----------------------+--------+

Setup/Hold to clock sel<2>
------------+------------+------------+------------+------------+-----------------------+--------+
            |Max Setup to|  Process   |Max Hold to |  Process   |                       | Clock  |
Source      | clk (edge) |   Corner   | clk (edge) |   Corner   |Internal Clock(s)      | Phase  |
------------+------------+------------+------------+------------+-----------------------+--------+
inp_a<0>    |    2.580(F)|      SLOW  |    1.574(F)|      SLOW  |sel[3]_GND_5_o_Mux_10_o|   0.000|
inp_a<1>    |    3.247(F)|      SLOW  |    1.400(F)|      SLOW  |sel[3]_GND_5_o_Mux_10_o|   0.000|
inp_a<2>    |    2.989(F)|      SLOW  |    0.712(F)|      SLOW  |sel[3]_GND_5_o_Mux_10_o|   0.000|
inp_a<3>    |    2.498(F)|      SLOW  |    0.832(F)|      SLOW  |sel[3]_GND_5_o_Mux_10_o|   0.000|
inp_a<4>    |    2.606(F)|      SLOW  |    1.091(F)|      SLOW  |sel[3]_GND_5_o_Mux_10_o|   0.000|
inp_a<5>    |    2.662(F)|      SLOW  |    0.891(F)|      SLOW  |sel[3]_GND_5_o_Mux_10_o|   0.000|
inp_a<6>    |    2.514(F)|      SLOW  |    0.860(F)|      SLOW  |sel[3]_GND_5_o_Mux_10_o|   0.000|
inp_a<7>    |    2.459(F)|      SLOW  |    1.138(F)|      SLOW  |sel[3]_GND_5_o_Mux_10_o|   0.000|
inp_a<8>    |    2.543(F)|      SLOW  |    0.543(F)|      SLOW  |sel[3]_GND_5_o_Mux_10_o|   0.000|
inp_a<9>    |    2.175(F)|      SLOW  |    0.699(F)|      SLOW  |sel[3]_GND_5_o_Mux_10_o|   0.000|
inp_a<10>   |    2.103(F)|      SLOW  |    0.871(F)|      SLOW  |sel[3]_GND_5_o_Mux_10_o|   0.000|
inp_a<11>   |    2.000(F)|      SLOW  |    0.922(F)|      SLOW  |sel[3]_GND_5_o_Mux_10_o|   0.000|
inp_a<12>   |    1.678(F)|      SLOW  |    1.119(F)|      SLOW  |sel[3]_GND_5_o_Mux_10_o|   0.000|
inp_a<13>   |    2.166(F)|      SLOW  |    0.631(F)|      SLOW  |sel[3]_GND_5_o_Mux_10_o|   0.000|
inp_a<14>   |    1.524(F)|      SLOW  |    1.232(F)|      SLOW  |sel[3]_GND_5_o_Mux_10_o|   0.000|
inp_a<15>   |    1.091(F)|      SLOW  |    0.923(F)|      SLOW  |sel[3]_GND_5_o_Mux_10_o|   0.000|
inp_b<0>    |    1.873(F)|      SLOW  |    1.289(F)|      SLOW  |sel[3]_GND_5_o_Mux_10_o|   0.000|
inp_b<1>    |    2.176(F)|      SLOW  |    0.687(F)|      SLOW  |sel[3]_GND_5_o_Mux_10_o|   0.000|
inp_b<2>    |    1.984(F)|      SLOW  |    1.043(F)|      SLOW  |sel[3]_GND_5_o_Mux_10_o|   0.000|
inp_b<3>    |    1.972(F)|      SLOW  |    0.452(F)|      SLOW  |sel[3]_GND_5_o_Mux_10_o|   0.000|
inp_b<4>    |    2.211(F)|      SLOW  |    0.757(F)|      SLOW  |sel[3]_GND_5_o_Mux_10_o|   0.000|
inp_b<5>    |    2.151(F)|      SLOW  |    0.741(F)|      SLOW  |sel[3]_GND_5_o_Mux_10_o|   0.000|
inp_b<6>    |    1.963(F)|      SLOW  |    1.340(F)|      SLOW  |sel[3]_GND_5_o_Mux_10_o|   0.000|
inp_b<7>    |    2.313(F)|      SLOW  |    0.929(F)|      SLOW  |sel[3]_GND_5_o_Mux_10_o|   0.000|
inp_b<8>    |    2.354(F)|      SLOW  |    0.345(F)|      FAST  |sel[3]_GND_5_o_Mux_10_o|   0.000|
inp_b<9>    |    2.123(F)|      SLOW  |    0.568(F)|      SLOW  |sel[3]_GND_5_o_Mux_10_o|   0.000|
inp_b<10>   |    1.702(F)|      SLOW  |    0.545(F)|      SLOW  |sel[3]_GND_5_o_Mux_10_o|   0.000|
inp_b<11>   |    2.005(F)|      SLOW  |    0.871(F)|      SLOW  |sel[3]_GND_5_o_Mux_10_o|   0.000|
inp_b<12>   |    1.830(F)|      SLOW  |    0.983(F)|      SLOW  |sel[3]_GND_5_o_Mux_10_o|   0.000|
inp_b<13>   |    1.840(F)|      SLOW  |    0.573(F)|      SLOW  |sel[3]_GND_5_o_Mux_10_o|   0.000|
inp_b<14>   |    1.476(F)|      SLOW  |    1.119(F)|      SLOW  |sel[3]_GND_5_o_Mux_10_o|   0.000|
inp_b<15>   |    0.932(F)|      SLOW  |    0.799(F)|      SLOW  |sel[3]_GND_5_o_Mux_10_o|   0.000|
sel<0>      |    2.241(F)|      SLOW  |    1.465(F)|      SLOW  |sel[3]_GND_5_o_Mux_10_o|   0.000|
------------+------------+------------+------------+------------+-----------------------+--------+

Setup/Hold to clock sel<3>
------------+------------+------------+------------+------------+-----------------------+--------+
            |Max Setup to|  Process   |Max Hold to |  Process   |                       | Clock  |
Source      | clk (edge) |   Corner   | clk (edge) |   Corner   |Internal Clock(s)      | Phase  |
------------+------------+------------+------------+------------+-----------------------+--------+
inp_a<0>    |    2.896(F)|      SLOW  |    1.197(F)|      SLOW  |sel[3]_GND_5_o_Mux_10_o|   0.000|
inp_a<1>    |    3.563(F)|      SLOW  |    1.023(F)|      SLOW  |sel[3]_GND_5_o_Mux_10_o|   0.000|
inp_a<2>    |    3.305(F)|      SLOW  |    0.335(F)|      SLOW  |sel[3]_GND_5_o_Mux_10_o|   0.000|
inp_a<3>    |    2.814(F)|      SLOW  |    0.455(F)|      SLOW  |sel[3]_GND_5_o_Mux_10_o|   0.000|
inp_a<4>    |    2.922(F)|      SLOW  |    0.714(F)|      SLOW  |sel[3]_GND_5_o_Mux_10_o|   0.000|
inp_a<5>    |    2.978(F)|      SLOW  |    0.514(F)|      SLOW  |sel[3]_GND_5_o_Mux_10_o|   0.000|
inp_a<6>    |    2.830(F)|      SLOW  |    0.483(F)|      SLOW  |sel[3]_GND_5_o_Mux_10_o|   0.000|
inp_a<7>    |    2.775(F)|      SLOW  |    0.761(F)|      SLOW  |sel[3]_GND_5_o_Mux_10_o|   0.000|
inp_a<8>    |    2.859(F)|      SLOW  |    0.235(F)|      FAST  |sel[3]_GND_5_o_Mux_10_o|   0.000|
inp_a<9>    |    2.491(F)|      SLOW  |    0.344(F)|      FAST  |sel[3]_GND_5_o_Mux_10_o|   0.000|
inp_a<10>   |    2.419(F)|      SLOW  |    0.494(F)|      SLOW  |sel[3]_GND_5_o_Mux_10_o|   0.000|
inp_a<11>   |    2.316(F)|      SLOW  |    0.545(F)|      SLOW  |sel[3]_GND_5_o_Mux_10_o|   0.000|
inp_a<12>   |    1.994(F)|      SLOW  |    0.742(F)|      SLOW  |sel[3]_GND_5_o_Mux_10_o|   0.000|
inp_a<13>   |    2.482(F)|      SLOW  |    0.287(F)|      FAST  |sel[3]_GND_5_o_Mux_10_o|   0.000|
inp_a<14>   |    1.840(F)|      SLOW  |    0.855(F)|      SLOW  |sel[3]_GND_5_o_Mux_10_o|   0.000|
inp_a<15>   |    1.407(F)|      SLOW  |    0.546(F)|      SLOW  |sel[3]_GND_5_o_Mux_10_o|   0.000|
inp_b<0>    |    2.189(F)|      SLOW  |    0.912(F)|      SLOW  |sel[3]_GND_5_o_Mux_10_o|   0.000|
inp_b<1>    |    2.492(F)|      SLOW  |    0.310(F)|      SLOW  |sel[3]_GND_5_o_Mux_10_o|   0.000|
inp_b<2>    |    2.300(F)|      SLOW  |    0.666(F)|      SLOW  |sel[3]_GND_5_o_Mux_10_o|   0.000|
inp_b<3>    |    2.288(F)|      SLOW  |    0.143(F)|      FAST  |sel[3]_GND_5_o_Mux_10_o|   0.000|
inp_b<4>    |    2.527(F)|      SLOW  |    0.380(F)|      SLOW  |sel[3]_GND_5_o_Mux_10_o|   0.000|
inp_b<5>    |    2.467(F)|      SLOW  |    0.364(F)|      SLOW  |sel[3]_GND_5_o_Mux_10_o|   0.000|
inp_b<6>    |    2.279(F)|      SLOW  |    0.963(F)|      SLOW  |sel[3]_GND_5_o_Mux_10_o|   0.000|
inp_b<7>    |    2.629(F)|      SLOW  |    0.552(F)|      SLOW  |sel[3]_GND_5_o_Mux_10_o|   0.000|
inp_b<8>    |    2.670(F)|      SLOW  |    0.109(F)|      FAST  |sel[3]_GND_5_o_Mux_10_o|   0.000|
inp_b<9>    |    2.439(F)|      SLOW  |    0.249(F)|      FAST  |sel[3]_GND_5_o_Mux_10_o|   0.000|
inp_b<10>   |    2.018(F)|      SLOW  |    0.195(F)|      FAST  |sel[3]_GND_5_o_Mux_10_o|   0.000|
inp_b<11>   |    2.321(F)|      SLOW  |    0.494(F)|      SLOW  |sel[3]_GND_5_o_Mux_10_o|   0.000|
inp_b<12>   |    2.146(F)|      SLOW  |    0.606(F)|      SLOW  |sel[3]_GND_5_o_Mux_10_o|   0.000|
inp_b<13>   |    2.156(F)|      SLOW  |    0.214(F)|      FAST  |sel[3]_GND_5_o_Mux_10_o|   0.000|
inp_b<14>   |    1.792(F)|      SLOW  |    0.742(F)|      SLOW  |sel[3]_GND_5_o_Mux_10_o|   0.000|
inp_b<15>   |    1.248(F)|      SLOW  |    0.422(F)|      SLOW  |sel[3]_GND_5_o_Mux_10_o|   0.000|
sel<0>      |    2.557(F)|      SLOW  |    1.088(F)|      SLOW  |sel[3]_GND_5_o_Mux_10_o|   0.000|
------------+------------+------------+------------+------------+-----------------------+--------+

Clock sel<1> to Pad
------------+-----------------+------------+-----------------+------------+-----------------------+--------+
            |Max (slowest) clk|  Process   |Min (fastest) clk|  Process   |                       | Clock  |
Destination |  (edge) to PAD  |   Corner   |  (edge) to PAD  |   Corner   |Internal Clock(s)      | Phase  |
------------+-----------------+------------+-----------------+------------+-----------------------+--------+
out_alu<0>  |         8.118(F)|      SLOW  |         4.146(F)|      FAST  |sel[3]_GND_5_o_Mux_10_o|   0.000|
out_alu<1>  |         8.023(F)|      SLOW  |         4.100(F)|      FAST  |sel[3]_GND_5_o_Mux_10_o|   0.000|
out_alu<2>  |         8.097(F)|      SLOW  |         4.111(F)|      FAST  |sel[3]_GND_5_o_Mux_10_o|   0.000|
out_alu<3>  |         7.906(F)|      SLOW  |         4.032(F)|      FAST  |sel[3]_GND_5_o_Mux_10_o|   0.000|
out_alu<4>  |         7.990(F)|      SLOW  |         4.052(F)|      FAST  |sel[3]_GND_5_o_Mux_10_o|   0.000|
out_alu<5>  |         7.798(F)|      SLOW  |         3.973(F)|      FAST  |sel[3]_GND_5_o_Mux_10_o|   0.000|
out_alu<6>  |         7.880(F)|      SLOW  |         3.991(F)|      FAST  |sel[3]_GND_5_o_Mux_10_o|   0.000|
out_alu<7>  |         7.738(F)|      SLOW  |         3.898(F)|      FAST  |sel[3]_GND_5_o_Mux_10_o|   0.000|
out_alu<8>  |         7.651(F)|      SLOW  |         3.876(F)|      FAST  |sel[3]_GND_5_o_Mux_10_o|   0.000|
out_alu<9>  |         7.642(F)|      SLOW  |         3.851(F)|      FAST  |sel[3]_GND_5_o_Mux_10_o|   0.000|
out_alu<10> |         7.540(F)|      SLOW  |         3.813(F)|      FAST  |sel[3]_GND_5_o_Mux_10_o|   0.000|
out_alu<11> |         7.783(F)|      SLOW  |         3.961(F)|      FAST  |sel[3]_GND_5_o_Mux_10_o|   0.000|
out_alu<12> |         7.687(F)|      SLOW  |         3.911(F)|      FAST  |sel[3]_GND_5_o_Mux_10_o|   0.000|
out_alu<13> |         7.815(F)|      SLOW  |         3.990(F)|      FAST  |sel[3]_GND_5_o_Mux_10_o|   0.000|
out_alu<14> |         7.916(F)|      SLOW  |         4.043(F)|      FAST  |sel[3]_GND_5_o_Mux_10_o|   0.000|
out_alu<15> |         7.912(F)|      SLOW  |         4.041(F)|      FAST  |sel[3]_GND_5_o_Mux_10_o|   0.000|
------------+-----------------+------------+-----------------+------------+-----------------------+--------+

Clock sel<2> to Pad
------------+-----------------+------------+-----------------+------------+-----------------------+--------+
            |Max (slowest) clk|  Process   |Min (fastest) clk|  Process   |                       | Clock  |
Destination |  (edge) to PAD  |   Corner   |  (edge) to PAD  |   Corner   |Internal Clock(s)      | Phase  |
------------+-----------------+------------+-----------------+------------+-----------------------+--------+
out_alu<0>  |         7.228(F)|      SLOW  |         3.613(F)|      FAST  |sel[3]_GND_5_o_Mux_10_o|   0.000|
out_alu<1>  |         7.133(F)|      SLOW  |         3.567(F)|      FAST  |sel[3]_GND_5_o_Mux_10_o|   0.000|
out_alu<2>  |         7.207(F)|      SLOW  |         3.578(F)|      FAST  |sel[3]_GND_5_o_Mux_10_o|   0.000|
out_alu<3>  |         7.016(F)|      SLOW  |         3.499(F)|      FAST  |sel[3]_GND_5_o_Mux_10_o|   0.000|
out_alu<4>  |         7.100(F)|      SLOW  |         3.519(F)|      FAST  |sel[3]_GND_5_o_Mux_10_o|   0.000|
out_alu<5>  |         6.908(F)|      SLOW  |         3.440(F)|      FAST  |sel[3]_GND_5_o_Mux_10_o|   0.000|
out_alu<6>  |         6.990(F)|      SLOW  |         3.458(F)|      FAST  |sel[3]_GND_5_o_Mux_10_o|   0.000|
out_alu<7>  |         6.848(F)|      SLOW  |         3.365(F)|      FAST  |sel[3]_GND_5_o_Mux_10_o|   0.000|
out_alu<8>  |         6.761(F)|      SLOW  |         3.343(F)|      FAST  |sel[3]_GND_5_o_Mux_10_o|   0.000|
out_alu<9>  |         6.752(F)|      SLOW  |         3.318(F)|      FAST  |sel[3]_GND_5_o_Mux_10_o|   0.000|
out_alu<10> |         6.650(F)|      SLOW  |         3.280(F)|      FAST  |sel[3]_GND_5_o_Mux_10_o|   0.000|
out_alu<11> |         6.893(F)|      SLOW  |         3.428(F)|      FAST  |sel[3]_GND_5_o_Mux_10_o|   0.000|
out_alu<12> |         6.797(F)|      SLOW  |         3.378(F)|      FAST  |sel[3]_GND_5_o_Mux_10_o|   0.000|
out_alu<13> |         6.925(F)|      SLOW  |         3.457(F)|      FAST  |sel[3]_GND_5_o_Mux_10_o|   0.000|
out_alu<14> |         7.026(F)|      SLOW  |         3.510(F)|      FAST  |sel[3]_GND_5_o_Mux_10_o|   0.000|
out_alu<15> |         7.022(F)|      SLOW  |         3.508(F)|      FAST  |sel[3]_GND_5_o_Mux_10_o|   0.000|
------------+-----------------+------------+-----------------+------------+-----------------------+--------+

Clock sel<3> to Pad
------------+-----------------+------------+-----------------+------------+-----------------------+--------+
            |Max (slowest) clk|  Process   |Min (fastest) clk|  Process   |                       | Clock  |
Destination |  (edge) to PAD  |   Corner   |  (edge) to PAD  |   Corner   |Internal Clock(s)      | Phase  |
------------+-----------------+------------+-----------------+------------+-----------------------+--------+
out_alu<0>  |         6.851(F)|      SLOW  |         3.410(F)|      FAST  |sel[3]_GND_5_o_Mux_10_o|   0.000|
out_alu<1>  |         6.756(F)|      SLOW  |         3.364(F)|      FAST  |sel[3]_GND_5_o_Mux_10_o|   0.000|
out_alu<2>  |         6.830(F)|      SLOW  |         3.375(F)|      FAST  |sel[3]_GND_5_o_Mux_10_o|   0.000|
out_alu<3>  |         6.639(F)|      SLOW  |         3.296(F)|      FAST  |sel[3]_GND_5_o_Mux_10_o|   0.000|
out_alu<4>  |         6.723(F)|      SLOW  |         3.316(F)|      FAST  |sel[3]_GND_5_o_Mux_10_o|   0.000|
out_alu<5>  |         6.531(F)|      SLOW  |         3.237(F)|      FAST  |sel[3]_GND_5_o_Mux_10_o|   0.000|
out_alu<6>  |         6.613(F)|      SLOW  |         3.255(F)|      FAST  |sel[3]_GND_5_o_Mux_10_o|   0.000|
out_alu<7>  |         6.471(F)|      SLOW  |         3.162(F)|      FAST  |sel[3]_GND_5_o_Mux_10_o|   0.000|
out_alu<8>  |         6.384(F)|      SLOW  |         3.140(F)|      FAST  |sel[3]_GND_5_o_Mux_10_o|   0.000|
out_alu<9>  |         6.375(F)|      SLOW  |         3.115(F)|      FAST  |sel[3]_GND_5_o_Mux_10_o|   0.000|
out_alu<10> |         6.273(F)|      SLOW  |         3.077(F)|      FAST  |sel[3]_GND_5_o_Mux_10_o|   0.000|
out_alu<11> |         6.516(F)|      SLOW  |         3.225(F)|      FAST  |sel[3]_GND_5_o_Mux_10_o|   0.000|
out_alu<12> |         6.420(F)|      SLOW  |         3.175(F)|      FAST  |sel[3]_GND_5_o_Mux_10_o|   0.000|
out_alu<13> |         6.548(F)|      SLOW  |         3.254(F)|      FAST  |sel[3]_GND_5_o_Mux_10_o|   0.000|
out_alu<14> |         6.649(F)|      SLOW  |         3.307(F)|      FAST  |sel[3]_GND_5_o_Mux_10_o|   0.000|
out_alu<15> |         6.645(F)|      SLOW  |         3.305(F)|      FAST  |sel[3]_GND_5_o_Mux_10_o|   0.000|
------------+-----------------+------------+-----------------+------------+-----------------------+--------+

Clock to Setup on destination clock sel<1>
---------------+---------+---------+---------+---------+
               | Src:Rise| Src:Fall| Src:Rise| Src:Fall|
Source Clock   |Dest:Rise|Dest:Rise|Dest:Fall|Dest:Fall|
---------------+---------+---------+---------+---------+
sel<1>         |         |         |    1.681|    1.681|
sel<2>         |         |         |    2.819|    2.819|
sel<3>         |         |         |    0.881|    0.881|
---------------+---------+---------+---------+---------+

Clock to Setup on destination clock sel<2>
---------------+---------+---------+---------+---------+
               | Src:Rise| Src:Fall| Src:Rise| Src:Fall|
Source Clock   |Dest:Rise|Dest:Rise|Dest:Fall|Dest:Fall|
---------------+---------+---------+---------+---------+
sel<1>         |         |         |    2.458|    2.458|
sel<2>         |         |         |    3.596|    3.596|
sel<3>         |         |         |    1.658|    1.658|
---------------+---------+---------+---------+---------+

Clock to Setup on destination clock sel<3>
---------------+---------+---------+---------+---------+
               | Src:Rise| Src:Fall| Src:Rise| Src:Fall|
Source Clock   |Dest:Rise|Dest:Rise|Dest:Fall|Dest:Fall|
---------------+---------+---------+---------+---------+
sel<1>         |         |         |    2.774|    2.774|
sel<2>         |         |         |    3.912|    3.912|
sel<3>         |         |         |    1.974|    1.974|
---------------+---------+---------+---------+---------+


Analysis completed Wed Sep 27 12:57:44 2023 
--------------------------------------------------------------------------------

Trace Settings:
-------------------------
Trace Settings 

Peak Memory Usage: 5004 MB



