Command line:
   comparator_tb_isim_beh.exe
     -simmode  gui
     -simrunnum  0
     -socket  62526

Thu Oct 26 16:01:53 2023


 Elaboration Time: 0.015625 sec

 Current Memory Usage: 5144.35 Meg

 Total Signals          : 10
 Total Nets             : 37
 Total Signal Drivers   : 5
 Total Blocks           : 4
 Total Primitive Blocks : 3
 Total Processes        : 3
 Total Traceable Variables  : 14
 Total Scalar Nets and Variables : 521
Total Line Count : 30

 Total Simulation Time: 0.046875 sec

 Current Memory Usage: 4672.49 Meg

Thu Oct 26 16:23:23 2023

