Command line:
   alu_tb_isim_beh.exe
     -simmode  gui
     -simrunnum  0
     -socket  55149

Wed Sep 27 13:05:43 2023


 Elaboration Time: 0.015625 sec

 Current Memory Usage: 5144.97 Meg

 Total Signals          : 10
 Total Nets             : 53
 Total Signal Drivers   : 5
 Total Blocks           : 4
 Total Primitive Blocks : 3
 Total Processes        : 3
 Total Traceable Variables  : 14
 Total Scalar Nets and Variables : 537
Total Line Count : 36

 Total Simulation Time: 0.015625 sec

 Current Memory Usage: 5144.97 Meg

Wed Sep 27 13:05:50 2023

