Command line:
   shift_tb_isim_beh.exe
     -simmode  gui
     -simrunnum  0
     -socket  62644

Thu Oct 26 16:23:29 2023


 Elaboration Time: 0.015625 sec

 Current Memory Usage: 5144.35 Meg

 Total Signals          : 8
 Total Nets             : 36
 Total Signal Drivers   : 4
 Total Blocks           : 4
 Total Primitive Blocks : 3
 Total Processes        : 3
 Total Traceable Variables  : 14
 Total Scalar Nets and Variables : 520
Total Line Count : 21

 Total Simulation Time: 0.03125 sec

 Current Memory Usage: 4672.5 Meg

Thu Oct 26 16:35:16 2023

